This is pdfTeX, Version 3.14159265-2.6-1.40.16 (TeX Live 2015/Debian) (preloaded format=pdflatex 2018.4.27)  20 JUN 2018 02:03
entering extended mode
 restricted \write18 enabled.
 %&-line parsing enabled.
**mainReport.tex
(./mainReport.tex
LaTeX2e <2016/02/01>
Babel <3.9q> and hyphenation patterns for 12 language(s) loaded.
(./G7-32.cls
Document Class: G7-32 2003/07/01 v1.0 Non Standard LaTeX document class
(./G2-105.sty
Package: G2-105 2003/07/07 v1.00 General reqs. GOST 2.105-95
 (./GostBase.clo
(/usr/share/texlive/texmf-dist/tex/latex/extsizes/size14.clo
File: size14.clo 1999/11/11 v1.4a NON-Standard LaTeX file (size option)
))
\c@totalpage=\count79
\c@totaltable=\count80
\c@totalfigure=\count81
\c@totalbib=\count82
\GostAfterTitleSkip=\skip41
\GostBetweenTitleSkip=\skip42
\GostBeforTitleSkip=\skip43
\GostBeforNoTitleSkip=\skip44
\GostHTitleSpace=\skip45
\GostTitleIndent=\skip46
\Gost@ChapterIndent=\skip47
\Gost@MainChapterIndent=\skip48
\Gost@TitleDropSkip=\skip49
\c@chapter=\count83
\c@section=\count84
\c@subsection=\count85
\c@subsubsection=\count86
\NirTitleDropSkip=\skip50

(/usr/share/texlive/texmf-dist/tex/generic/iftex/iftex.sty
Package: iftex 2013/04/04 v0.2 Provides if(tex) conditional for PDFTeX, XeTeX, 
and LuaTeX
)
(/usr/share/texlive/texmf-dist/tex/latex/cmap/cmap.sty
Package: cmap 2008/03/06 v1.0h CMap support: searchable PDF
)
(/usr/share/texlive/texmf-dist/tex/latex/base/fontenc.sty
Package: fontenc 2005/09/27 v1.99g Standard LaTeX package

(/usr/share/texlive/texmf-dist/tex/latex/cyrillic/t2aenc.def
File: t2aenc.def 2005/09/27 v1.0i Cyrillic encoding definition file
)
LaTeX Font Info:    Try loading font information for T2A+cmr on input line 105.


(/usr/share/texlive/texmf-dist/tex/latex/cyrillic/t2acmr.fd
File: t2acmr.fd 2001/08/11 v1.0a Computer Modern Cyrillic font definitions
)<<t2a.cmap>>)
(/usr/share/texlive/texmf-dist/tex/latex/base/inputenc.sty
Package: inputenc 2015/03/17 v1.2c Input encoding file
\inpenc@prehook=\toks14
\inpenc@posthook=\toks15

(/usr/share/texlive/texmf-dist/tex/latex/ucs/utf8x.def
File: utf8x.def 2004/10/17 UCS: Input encoding UTF-8
))
(/usr/share/texlive/texmf-dist/tex/latex/ucs/ucs.sty
Package: ucs 2013/05/11 v2.2 UCS: Unicode input support

(/usr/share/texlive/texmf-dist/tex/latex/ucs/data/uni-global.def
File: uni-global.def 2013/05/13 UCS: Unicode global data
)
\uc@secondtry=\count87
\uc@combtoks=\toks16
\uc@combtoksb=\toks17
\uc@temptokena=\toks18
)
(/usr/share/texlive/texmf-dist/tex/generic/babel/babel.sty
Package: babel 2016/02/24 3.9q The Babel package

(/usr/share/texlive/texmf-dist/tex/generic/babel-english/english.ldf
Language: english 2012/08/20 v3.3p English support from the babel system

(/usr/share/texlive/texmf-dist/tex/generic/babel/babel.def
File: babel.def 2016/02/24 3.9q Babel common definitions
\babel@savecnt=\count88
\U@D=\dimen102
)
\l@canadian = a dialect from \language\l@american 
\l@australian = a dialect from \language\l@british 
\l@newzealand = a dialect from \language\l@british 
)
(/usr/share/texlive/texmf-dist/tex/generic/babel-russian/russianb.ldf
Language: russianb 2016/02/18 1.3h Russian support for the Babel system
Package babel Info: Making " an active character on input line 111.
))
(/usr/share/texlive/texmf-dist/tex/latex/t2/mathtext.sty
Package: mathtext 1999/01/28 v1.0 transparent text-and-math defs
LaTeX Info: Redefining \halign on input line 111.
)
(/usr/share/texlive/texmf-dist/tex/latex/base/flafter.sty
Package: flafter 2015/09/05 v1.3a Standard LaTeX floats after reference (FMi)
Applying: [2015/01/01] float order in 2-column on input line 49.
Already applied: [0000/00/00] float order in 2-column on input line 151.
)
\GostItemGap=\skip51
\GostItemIndent=\skip52
\GostItemNestedIndent=\skip53

(/usr/share/texlive/texmf-dist/tex/latex/amsfonts/amssymb.sty
Package: amssymb 2013/01/14 v3.01 AMS font symbols

(/usr/share/texlive/texmf-dist/tex/latex/amsfonts/amsfonts.sty
Package: amsfonts 2013/01/14 v3.01 Basic AMSFonts support
\@emptytoks=\toks19
\symAMSa=\mathgroup4
\symAMSb=\mathgroup5
LaTeX Font Info:    Overwriting math alphabet `\mathfrak' in version `bold'
(Font)                  U/euf/m/n --> U/euf/b/n on input line 106.
))
(/usr/share/texlive/texmf-dist/tex/latex/amsmath/amsmath.sty
Package: amsmath 2016/03/03 v2.15a AMS math features
\@mathmargin=\skip54

For additional information on amsmath, use the `?' option.
(/usr/share/texlive/texmf-dist/tex/latex/amsmath/amstext.sty
Package: amstext 2000/06/29 v2.01 AMS text

(/usr/share/texlive/texmf-dist/tex/latex/amsmath/amsgen.sty
File: amsgen.sty 1999/11/30 v2.0 generic functions
\@emptytoks=\toks20
\ex@=\dimen103
))
(/usr/share/texlive/texmf-dist/tex/latex/amsmath/amsbsy.sty
Package: amsbsy 1999/11/29 v1.2d Bold Symbols
\pmbraise@=\dimen104
)
(/usr/share/texlive/texmf-dist/tex/latex/amsmath/amsopn.sty
Package: amsopn 1999/12/14 v2.01 operator names
)
\inf@bad=\count89
LaTeX Info: Redefining \frac on input line 199.
\uproot@=\count90
\leftroot@=\count91
LaTeX Info: Redefining \overline on input line 297.
\classnum@=\count92
\DOTSCASE@=\count93
LaTeX Info: Redefining \ldots on input line 394.
LaTeX Info: Redefining \dots on input line 397.
LaTeX Info: Redefining \cdots on input line 518.
\Mathstrutbox@=\box26
\strutbox@=\box27
\big@size=\dimen105
LaTeX Font Info:    Redeclaring font encoding OML on input line 630.
\symOMLletters=\mathgroup6
LaTeX Font Info:    Redeclaring font encoding OMS on input line 631.
\symOMSletters=\mathgroup7
\macc@depth=\count94
\c@MaxMatrixCols=\count95
\dotsspace@=\muskip10
\c@parentequation=\count96
\dspbrk@lvl=\count97
\tag@help=\toks21
\row@=\count98
\column@=\count99
\maxfields@=\count100
\andhelp@=\toks22
\eqnshift@=\dimen106
\alignsep@=\dimen107
\tagshift@=\dimen108
\tagwidth@=\dimen109
\totwidth@=\dimen110
\lineht@=\dimen111
\@envbody=\toks23
\multlinegap=\skip55
\multlinetaggap=\skip56
\mathdisplay@stack=\toks24
LaTeX Info: Redefining \[ on input line 2735.
LaTeX Info: Redefining \] on input line 2736.
)
(/usr/share/texlive/texmf-dist/tex/latex/was/icomma.sty
Package: icomma 2002/03/10 v2.0 (WaS)
)
(/usr/share/texlive/texmf-dist/tex/latex/base/leqno.clo
File: leqno.clo 2015/03/31 v1.1i Standard LaTeX option (left equation numbers)
)
\Gost@EqRemLen=\skip57
\Gost@@EqRemLen=\skip58

(/usr/share/texlive/texmf-dist/tex/latex/caption/caption.sty
Package: caption 2016/02/21 v3.3-144 Customizing captions (AR)

(/usr/share/texlive/texmf-dist/tex/latex/caption/caption3.sty
Package: caption3 2016/02/04 v1.7-139 caption3 kernel (AR)
Package caption3 Info: TeX engine: e-TeX on input line 67.

(/usr/share/texlive/texmf-dist/tex/latex/graphics/keyval.sty
Package: keyval 2014/10/28 v1.15 key=value parser (DPC)
\KV@toks@=\toks25
)
\captionmargin=\dimen112
\captionmargin@=\dimen113
\captionwidth=\dimen114
\caption@tempdima=\dimen115
\caption@indent=\dimen116
\caption@parindent=\dimen117
\caption@hangindent=\dimen118
\abovecaptionskip=\skip59
\belowcaptionskip=\skip60
Package caption Info: Unknown document class (or package),
(caption)             standard defaults will be used.
)

Package caption Warning: Unsupported document class (or package) detected,
(caption)                usage of the caption package is not recommended.
See the caption package documentation for explanation.

Package caption Info: \@makecaption = undefined.
\c@ContinuedFloat=\count101
)
\c@figure=\count102
\c@table=\count103
 (/usr/share/texlive/texmf-dist/tex/latex/tools/longtable.sty
Package: longtable 2014/10/28 v4.11 Multi-page Table package (DPC)
\LTleft=\skip61
\LTright=\skip62
\LTpre=\skip63
\LTpost=\skip64
\LTchunksize=\count104
\LTcapwidth=\dimen119
\LT@head=\box28
\LT@firsthead=\box29
\LT@foot=\box30
\LT@lastfoot=\box31
\LT@cols=\count105
\LT@rows=\count106
\c@LT@tables=\count107
\c@LT@chunks=\count108
\LT@p@ftn=\toks26
)
(/usr/share/texlive/texmf-dist/tex/latex/footmisc/footmisc.sty
Package: footmisc 2011/06/06 v5.5b a miscellany of footnote facilities
\FN@temptoken=\toks27
\footnotemargin=\dimen120
\c@pp@next@reset=\count109
\c@@fnserial=\count110
Package footmisc Info: Declaring symbol style bringhurst on input line 855.
Package footmisc Info: Declaring symbol style chicago on input line 863.
Package footmisc Info: Declaring symbol style wiley on input line 872.
Package footmisc Info: Declaring symbol style lamport-robust on input line 883.

Package footmisc Info: Declaring symbol style lamport* on input line 903.
Package footmisc Info: Declaring symbol style lamport*-robust on input line 924
.
)
\bibindent=\dimen121
)
(/usr/share/texlive/texmf-dist/tex/latex/geometry/geometry.sty
Package: geometry 2010/09/12 v5.6 Page Geometry

(/usr/share/texlive/texmf-dist/tex/generic/oberdiek/ifpdf.sty
Package: ifpdf 2011/01/30 v2.3 Provides the ifpdf switch (HO)
Package ifpdf Info: pdfTeX in PDF mode is detected.
)
(/usr/share/texlive/texmf-dist/tex/generic/oberdiek/ifvtex.sty
Package: ifvtex 2010/03/01 v1.5 Detect VTeX and its facilities (HO)
Package ifvtex Info: VTeX not detected.
)
(/usr/share/texlive/texmf-dist/tex/generic/ifxetex/ifxetex.sty
Package: ifxetex 2010/09/12 v0.6 Provides ifxetex conditional
)
\Gm@cnth=\count111
\Gm@cntv=\count112
\c@Gm@tempcnt=\count113
\Gm@bindingoffset=\dimen122
\Gm@wd@mp=\dimen123
\Gm@odd@mp=\dimen124
\Gm@even@mp=\dimen125
\Gm@layoutwidth=\dimen126
\Gm@layoutheight=\dimen127
\Gm@layouthoffset=\dimen128
\Gm@layoutvoffset=\dimen129
\Gm@dimlist=\toks28
) (./G7-32.sty
Package: G7-32 2003/07/07 v1.00 Titles for GOST 7.32-2001
)) (/usr/share/texlive/texmf-dist/tex/latex/base/fontenc.sty
Package: fontenc 2005/09/27 v1.99g Standard LaTeX package

(/usr/share/texlive/texmf-dist/tex/latex/cyrillic/t2aenc.def
File: t2aenc.def 2005/09/27 v1.0i Cyrillic encoding definition file
LaTeX Font Info:    Redeclaring font encoding T2A on input line 42.
\symT2Aletters=\mathgroup8
))
(/usr/share/texlive/texmf-dist/tex/latex/graphics/graphicx.sty
Package: graphicx 2014/10/28 v1.0g Enhanced LaTeX Graphics (DPC,SPQR)

(/usr/share/texlive/texmf-dist/tex/latex/graphics/graphics.sty
Package: graphics 2016/01/03 v1.0q Standard LaTeX Graphics (DPC,SPQR)

(/usr/share/texlive/texmf-dist/tex/latex/graphics/trig.sty
Package: trig 2016/01/03 v1.10 sin cos tan (DPC)
)
(/usr/share/texlive/texmf-dist/tex/latex/latexconfig/graphics.cfg
File: graphics.cfg 2010/04/23 v1.9 graphics configuration of TeX Live
)
Package graphics Info: Driver file: pdftex.def on input line 95.

(/usr/share/texlive/texmf-dist/tex/latex/pdftex-def/pdftex.def
File: pdftex.def 2011/05/27 v0.06d Graphics/color for pdfTeX

(/usr/share/texlive/texmf-dist/tex/generic/oberdiek/infwarerr.sty
Package: infwarerr 2010/04/08 v1.3 Providing info/warning/error messages (HO)
)
(/usr/share/texlive/texmf-dist/tex/generic/oberdiek/ltxcmds.sty
Package: ltxcmds 2011/11/09 v1.22 LaTeX kernel commands for general use (HO)
)
\Gread@gobject=\count114
))
\Gin@req@height=\dimen130
\Gin@req@width=\dimen131
)
(/usr/share/texlive/texmf-dist/tex/latex/todonotes/todonotes.sty
Package: todonotes 2015/07/09 .dtx Todonotes source and documentation.
Package: todonotes 2012/07/25

(/usr/share/texlive/texmf-dist/tex/latex/base/ifthen.sty
Package: ifthen 2014/09/29 v1.1c Standard LaTeX ifthen package (DPC)
)
(/usr/share/texlive/texmf-dist/tex/latex/xkeyval/xkeyval.sty
Package: xkeyval 2014/12/03 v2.7a package option processing (HA)

(/usr/share/texlive/texmf-dist/tex/generic/xkeyval/xkeyval.tex
(/usr/share/texlive/texmf-dist/tex/generic/xkeyval/xkvutils.tex
\XKV@toks=\toks29
\XKV@tempa@toks=\toks30
)
\XKV@depth=\count115
File: xkeyval.tex 2014/12/03 v2.7a key=value parser (HA)
))
(/usr/share/texlive/texmf-dist/tex/latex/xcolor/xcolor.sty
Package: xcolor 2007/01/21 v2.11 LaTeX color extensions (UK)

(/usr/share/texlive/texmf-dist/tex/latex/latexconfig/color.cfg
File: color.cfg 2007/01/18 v1.5 color configuration of teTeX/TeXLive
)
Package xcolor Info: Driver file: pdftex.def on input line 225.
Package xcolor Info: Model `cmy' substituted by `cmy0' on input line 1337.
Package xcolor Info: Model `hsb' substituted by `rgb' on input line 1341.
Package xcolor Info: Model `RGB' extended on input line 1353.
Package xcolor Info: Model `HTML' substituted by `rgb' on input line 1355.
Package xcolor Info: Model `Hsb' substituted by `hsb' on input line 1356.
Package xcolor Info: Model `tHsb' substituted by `hsb' on input line 1357.
Package xcolor Info: Model `HSB' substituted by `hsb' on input line 1358.
Package xcolor Info: Model `Gray' substituted by `gray' on input line 1359.
Package xcolor Info: Model `wave' substituted by `hsb' on input line 1360.
)
(/usr/share/texlive/texmf-dist/tex/latex/pgf/frontendlayer/tikz.sty
(/usr/share/texlive/texmf-dist/tex/latex/pgf/basiclayer/pgf.sty
(/usr/share/texlive/texmf-dist/tex/latex/pgf/utilities/pgfrcs.sty
(/usr/share/texlive/texmf-dist/tex/generic/pgf/utilities/pgfutil-common.tex
\pgfutil@everybye=\toks31
\pgfutil@tempdima=\dimen132
\pgfutil@tempdimb=\dimen133

(/usr/share/texlive/texmf-dist/tex/generic/pgf/utilities/pgfutil-common-lists.t
ex)) (/usr/share/texlive/texmf-dist/tex/generic/pgf/utilities/pgfutil-latex.def
\pgfutil@abb=\box32
(/usr/share/texlive/texmf-dist/tex/latex/ms/everyshi.sty
Package: everyshi 2001/05/15 v3.00 EveryShipout Package (MS)
))
(/usr/share/texlive/texmf-dist/tex/generic/pgf/utilities/pgfrcs.code.tex
Package: pgfrcs 2015/08/07 v3.0.1a (rcs-revision 1.31)
))
Package: pgf 2015/08/07 v3.0.1a (rcs-revision 1.15)

(/usr/share/texlive/texmf-dist/tex/latex/pgf/basiclayer/pgfcore.sty
(/usr/share/texlive/texmf-dist/tex/latex/pgf/systemlayer/pgfsys.sty
(/usr/share/texlive/texmf-dist/tex/generic/pgf/systemlayer/pgfsys.code.tex
Package: pgfsys 2014/07/09 v3.0.1a (rcs-revision 1.48)

(/usr/share/texlive/texmf-dist/tex/generic/pgf/utilities/pgfkeys.code.tex
\pgfkeys@pathtoks=\toks32
\pgfkeys@temptoks=\toks33

(/usr/share/texlive/texmf-dist/tex/generic/pgf/utilities/pgfkeysfiltered.code.t
ex
\pgfkeys@tmptoks=\toks34
))
\pgf@x=\dimen134
\pgf@y=\dimen135
\pgf@xa=\dimen136
\pgf@ya=\dimen137
\pgf@xb=\dimen138
\pgf@yb=\dimen139
\pgf@xc=\dimen140
\pgf@yc=\dimen141
\w@pgf@writea=\write3
\r@pgf@reada=\read1
\c@pgf@counta=\count116
\c@pgf@countb=\count117
\c@pgf@countc=\count118
\c@pgf@countd=\count119
\t@pgf@toka=\toks35
\t@pgf@tokb=\toks36
\t@pgf@tokc=\toks37
 (/usr/share/texlive/texmf-dist/tex/generic/pgf/systemlayer/pgf.cfg
File: pgf.cfg 2008/05/14  (rcs-revision 1.7)
)
Driver file for pgf: pgfsys-pdftex.def

(/usr/share/texlive/texmf-dist/tex/generic/pgf/systemlayer/pgfsys-pdftex.def
File: pgfsys-pdftex.def 2014/10/11  (rcs-revision 1.35)

(/usr/share/texlive/texmf-dist/tex/generic/pgf/systemlayer/pgfsys-common-pdf.de
f
File: pgfsys-common-pdf.def 2013/10/10  (rcs-revision 1.13)
)))
(/usr/share/texlive/texmf-dist/tex/generic/pgf/systemlayer/pgfsyssoftpath.code.
tex
File: pgfsyssoftpath.code.tex 2013/09/09  (rcs-revision 1.9)
\pgfsyssoftpath@smallbuffer@items=\count120
\pgfsyssoftpath@bigbuffer@items=\count121
)
(/usr/share/texlive/texmf-dist/tex/generic/pgf/systemlayer/pgfsysprotocol.code.
tex
File: pgfsysprotocol.code.tex 2006/10/16  (rcs-revision 1.4)
))
(/usr/share/texlive/texmf-dist/tex/generic/pgf/basiclayer/pgfcore.code.tex
Package: pgfcore 2010/04/11 v3.0.1a (rcs-revision 1.7)

(/usr/share/texlive/texmf-dist/tex/generic/pgf/math/pgfmath.code.tex
(/usr/share/texlive/texmf-dist/tex/generic/pgf/math/pgfmathcalc.code.tex
(/usr/share/texlive/texmf-dist/tex/generic/pgf/math/pgfmathutil.code.tex)
(/usr/share/texlive/texmf-dist/tex/generic/pgf/math/pgfmathparser.code.tex
\pgfmath@dimen=\dimen142
\pgfmath@count=\count122
\pgfmath@box=\box33
\pgfmath@toks=\toks38
\pgfmath@stack@operand=\toks39
\pgfmath@stack@operation=\toks40
)
(/usr/share/texlive/texmf-dist/tex/generic/pgf/math/pgfmathfunctions.code.tex
(/usr/share/texlive/texmf-dist/tex/generic/pgf/math/pgfmathfunctions.basic.code
.tex)
(/usr/share/texlive/texmf-dist/tex/generic/pgf/math/pgfmathfunctions.trigonomet
ric.code.tex)
(/usr/share/texlive/texmf-dist/tex/generic/pgf/math/pgfmathfunctions.random.cod
e.tex)
(/usr/share/texlive/texmf-dist/tex/generic/pgf/math/pgfmathfunctions.comparison
.code.tex)
(/usr/share/texlive/texmf-dist/tex/generic/pgf/math/pgfmathfunctions.base.code.
tex)
(/usr/share/texlive/texmf-dist/tex/generic/pgf/math/pgfmathfunctions.round.code
.tex)
(/usr/share/texlive/texmf-dist/tex/generic/pgf/math/pgfmathfunctions.misc.code.
tex)
(/usr/share/texlive/texmf-dist/tex/generic/pgf/math/pgfmathfunctions.integerari
thmetics.code.tex)))
(/usr/share/texlive/texmf-dist/tex/generic/pgf/math/pgfmathfloat.code.tex
\c@pgfmathroundto@lastzeros=\count123
))
(/usr/share/texlive/texmf-dist/tex/generic/pgf/basiclayer/pgfcorepoints.code.te
x
File: pgfcorepoints.code.tex 2013/10/07  (rcs-revision 1.27)
\pgf@picminx=\dimen143
\pgf@picmaxx=\dimen144
\pgf@picminy=\dimen145
\pgf@picmaxy=\dimen146
\pgf@pathminx=\dimen147
\pgf@pathmaxx=\dimen148
\pgf@pathminy=\dimen149
\pgf@pathmaxy=\dimen150
\pgf@xx=\dimen151
\pgf@xy=\dimen152
\pgf@yx=\dimen153
\pgf@yy=\dimen154
\pgf@zx=\dimen155
\pgf@zy=\dimen156
)
(/usr/share/texlive/texmf-dist/tex/generic/pgf/basiclayer/pgfcorepathconstruct.
code.tex
File: pgfcorepathconstruct.code.tex 2013/10/07  (rcs-revision 1.29)
\pgf@path@lastx=\dimen157
\pgf@path@lasty=\dimen158
)
(/usr/share/texlive/texmf-dist/tex/generic/pgf/basiclayer/pgfcorepathusage.code
.tex
File: pgfcorepathusage.code.tex 2014/11/02  (rcs-revision 1.24)
\pgf@shorten@end@additional=\dimen159
\pgf@shorten@start@additional=\dimen160
)
(/usr/share/texlive/texmf-dist/tex/generic/pgf/basiclayer/pgfcorescopes.code.te
x
File: pgfcorescopes.code.tex 2015/05/08  (rcs-revision 1.46)
\pgfpic=\box34
\pgf@hbox=\box35
\pgf@layerbox@main=\box36
\pgf@picture@serial@count=\count124
)
(/usr/share/texlive/texmf-dist/tex/generic/pgf/basiclayer/pgfcoregraphicstate.c
ode.tex
File: pgfcoregraphicstate.code.tex 2014/11/02  (rcs-revision 1.12)
\pgflinewidth=\dimen161
)
(/usr/share/texlive/texmf-dist/tex/generic/pgf/basiclayer/pgfcoretransformation
s.code.tex
File: pgfcoretransformations.code.tex 2015/08/07  (rcs-revision 1.20)
\pgf@pt@x=\dimen162
\pgf@pt@y=\dimen163
\pgf@pt@temp=\dimen164
)
(/usr/share/texlive/texmf-dist/tex/generic/pgf/basiclayer/pgfcorequick.code.tex
File: pgfcorequick.code.tex 2008/10/09  (rcs-revision 1.3)
)
(/usr/share/texlive/texmf-dist/tex/generic/pgf/basiclayer/pgfcoreobjects.code.t
ex
File: pgfcoreobjects.code.tex 2006/10/11  (rcs-revision 1.2)
)
(/usr/share/texlive/texmf-dist/tex/generic/pgf/basiclayer/pgfcorepathprocessing
.code.tex
File: pgfcorepathprocessing.code.tex 2013/09/09  (rcs-revision 1.9)
)
(/usr/share/texlive/texmf-dist/tex/generic/pgf/basiclayer/pgfcorearrows.code.te
x
File: pgfcorearrows.code.tex 2015/05/14  (rcs-revision 1.43)
\pgfarrowsep=\dimen165
)
(/usr/share/texlive/texmf-dist/tex/generic/pgf/basiclayer/pgfcoreshade.code.tex
File: pgfcoreshade.code.tex 2013/07/15  (rcs-revision 1.15)
\pgf@max=\dimen166
\pgf@sys@shading@range@num=\count125
)
(/usr/share/texlive/texmf-dist/tex/generic/pgf/basiclayer/pgfcoreimage.code.tex
File: pgfcoreimage.code.tex 2013/07/15  (rcs-revision 1.18)

(/usr/share/texlive/texmf-dist/tex/generic/pgf/basiclayer/pgfcoreexternal.code.
tex
File: pgfcoreexternal.code.tex 2014/07/09  (rcs-revision 1.21)
\pgfexternal@startupbox=\box37
))
(/usr/share/texlive/texmf-dist/tex/generic/pgf/basiclayer/pgfcorelayers.code.te
x
File: pgfcorelayers.code.tex 2013/07/18  (rcs-revision 1.7)
)
(/usr/share/texlive/texmf-dist/tex/generic/pgf/basiclayer/pgfcoretransparency.c
ode.tex
File: pgfcoretransparency.code.tex 2013/09/30  (rcs-revision 1.5)
)
(/usr/share/texlive/texmf-dist/tex/generic/pgf/basiclayer/pgfcorepatterns.code.
tex
File: pgfcorepatterns.code.tex 2013/11/07  (rcs-revision 1.5)
)))
(/usr/share/texlive/texmf-dist/tex/generic/pgf/modules/pgfmoduleshapes.code.tex
File: pgfmoduleshapes.code.tex 2014/03/21  (rcs-revision 1.35)
\pgfnodeparttextbox=\box38
) (/usr/share/texlive/texmf-dist/tex/generic/pgf/modules/pgfmoduleplot.code.tex
File: pgfmoduleplot.code.tex 2015/08/03  (rcs-revision 1.13)
)
(/usr/share/texlive/texmf-dist/tex/latex/pgf/compatibility/pgfcomp-version-0-65
.sty
Package: pgfcomp-version-0-65 2007/07/03 v3.0.1a (rcs-revision 1.7)
\pgf@nodesepstart=\dimen167
\pgf@nodesepend=\dimen168
)
(/usr/share/texlive/texmf-dist/tex/latex/pgf/compatibility/pgfcomp-version-1-18
.sty
Package: pgfcomp-version-1-18 2007/07/23 v3.0.1a (rcs-revision 1.1)
)) (/usr/share/texlive/texmf-dist/tex/latex/pgf/utilities/pgffor.sty
(/usr/share/texlive/texmf-dist/tex/latex/pgf/utilities/pgfkeys.sty
(/usr/share/texlive/texmf-dist/tex/generic/pgf/utilities/pgfkeys.code.tex))
(/usr/share/texlive/texmf-dist/tex/latex/pgf/math/pgfmath.sty
(/usr/share/texlive/texmf-dist/tex/generic/pgf/math/pgfmath.code.tex))
(/usr/share/texlive/texmf-dist/tex/generic/pgf/utilities/pgffor.code.tex
Package: pgffor 2013/12/13 v3.0.1a (rcs-revision 1.25)

(/usr/share/texlive/texmf-dist/tex/generic/pgf/math/pgfmath.code.tex)
\pgffor@iter=\dimen169
\pgffor@skip=\dimen170
\pgffor@stack=\toks41
\pgffor@toks=\toks42
))
(/usr/share/texlive/texmf-dist/tex/generic/pgf/frontendlayer/tikz/tikz.code.tex
Package: tikz 2015/08/07 v3.0.1a (rcs-revision 1.151)

(/usr/share/texlive/texmf-dist/tex/generic/pgf/libraries/pgflibraryplothandlers
.code.tex
File: pgflibraryplothandlers.code.tex 2013/08/31 v3.0.1a (rcs-revision 1.20)
\pgf@plot@mark@count=\count126
\pgfplotmarksize=\dimen171
)
\tikz@lastx=\dimen172
\tikz@lasty=\dimen173
\tikz@lastxsaved=\dimen174
\tikz@lastysaved=\dimen175
\tikzleveldistance=\dimen176
\tikzsiblingdistance=\dimen177
\tikz@figbox=\box39
\tikz@figbox@bg=\box40
\tikz@tempbox=\box41
\tikz@tempbox@bg=\box42
\tikztreelevel=\count127
\tikznumberofchildren=\count128
\tikznumberofcurrentchild=\count129
\tikz@fig@count=\count130

(/usr/share/texlive/texmf-dist/tex/generic/pgf/modules/pgfmodulematrix.code.tex
File: pgfmodulematrix.code.tex 2013/09/17  (rcs-revision 1.8)
\pgfmatrixcurrentrow=\count131
\pgfmatrixcurrentcolumn=\count132
\pgf@matrix@numberofcolumns=\count133
)
\tikz@expandcount=\count134

(/usr/share/texlive/texmf-dist/tex/generic/pgf/frontendlayer/tikz/libraries/tik
zlibrarytopaths.code.tex
File: tikzlibrarytopaths.code.tex 2008/06/17 v3.0.1a (rcs-revision 1.2)
)))
(/usr/share/texlive/texmf-dist/tex/generic/pgf/frontendlayer/tikz/libraries/tik
zlibrarypositioning.code.tex
File: tikzlibrarypositioning.code.tex 2008/10/06 v3.0.1a (rcs-revision 1.7)
)
(/usr/share/texlive/texmf-dist/tex/latex/tools/calc.sty
Package: calc 2014/10/28 v4.3 Infix arithmetic (KKT,FJ)
\calc@Acount=\count135
\calc@Bcount=\count136
\calc@Adimen=\dimen178
\calc@Bdimen=\dimen179
\calc@Askip=\skip65
\calc@Bskip=\skip66
LaTeX Info: Redefining \setlength on input line 80.
LaTeX Info: Redefining \addtolength on input line 81.
\calc@Ccount=\count137
\calc@Cskip=\skip67
)
\c@@todonotes@numberoftodonotes=\count138
)
(/usr/share/texlive/texmf-dist/tex/latex/pdfpages/pdfpages.sty
Package: pdfpages 2015/09/18 v0.5d Insert pages of external PDF documents (AM)

(/usr/share/texlive/texmf-dist/tex/latex/eso-pic/eso-pic.sty
Package: eso-pic 2015/07/21 v2.0g eso-pic (RN)

(/usr/share/texlive/texmf-dist/tex/generic/oberdiek/atbegshi.sty
Package: atbegshi 2011/10/05 v1.16 At begin shipout hook (HO)
))
\AM@pagewidth=\dimen180
\AM@pageheight=\dimen181

(/usr/share/texlive/texmf-dist/tex/latex/pdfpages/pppdftex.def
File: pppdftex.def 2015/09/18 v0.5d Pdfpages driver for pdfTeX (AM)
)
\AM@pagebox=\box43
\AM@toc@title=\toks43
\c@AM@survey=\count139
\AM@templatesizebox=\box44
)
(/usr/share/texlive/texmf-dist/tex/latex/import/import.sty
Package: import 2009/03/23  v 5.1
)
(/usr/share/texlive/texmf-dist/tex/latex/csquotes/csquotes.sty
Package: csquotes 2016/01/31 v5.1g context-sensitive quotations (JAW)

(/usr/share/texlive/texmf-dist/tex/latex/etoolbox/etoolbox.sty
Package: etoolbox 2015/08/02 v2.2a e-TeX tools for LaTeX (JAW)
\etb@tempcnta=\count140
)
\csq@reset=\count141
\csq@gtype=\count142
\csq@glevel=\count143
\csq@qlevel=\count144
\csq@maxlvl=\count145
\csq@tshold=\count146
\csq@ltx@everypar=\toks44

(/usr/share/texlive/texmf-dist/tex/latex/csquotes/csquotes.def
File: csquotes.def 2016/01/31 v5.1g csquotes generic definitions (JAW)
)
Package csquotes Info: Trying to load configuration file 'csquotes.cfg'...
Package csquotes Info: ... configuration file loaded successfully.

(/usr/share/texlive/texmf-dist/tex/latex/csquotes/csquotes.cfg
File: csquotes.cfg 
))
(/usr/share/texlive/texmf-dist/tex/latex/hyperref/hyperref.sty
Package: hyperref 2012/11/06 v6.83m Hypertext links for LaTeX

(/usr/share/texlive/texmf-dist/tex/generic/oberdiek/hobsub-hyperref.sty
Package: hobsub-hyperref 2012/05/28 v1.13 Bundle oberdiek, subset hyperref (HO)


(/usr/share/texlive/texmf-dist/tex/generic/oberdiek/hobsub-generic.sty
Package: hobsub-generic 2012/05/28 v1.13 Bundle oberdiek, subset generic (HO)
Package: hobsub 2012/05/28 v1.13 Construct package bundles (HO)
Package hobsub Info: Skipping package `infwarerr' (already loaded).
Package hobsub Info: Skipping package `ltxcmds' (already loaded).
Package: ifluatex 2010/03/01 v1.3 Provides the ifluatex switch (HO)
Package ifluatex Info: LuaTeX not detected.
Package hobsub Info: Skipping package `ifvtex' (already loaded).
Package: intcalc 2007/09/27 v1.1 Expandable calculations with integers (HO)
Package hobsub Info: Skipping package `ifpdf' (already loaded).
Package: etexcmds 2011/02/16 v1.5 Avoid name clashes with e-TeX commands (HO)
Package etexcmds Info: Could not find \expanded.
(etexcmds)             That can mean that you are not using pdfTeX 1.50 or
(etexcmds)             that some package has redefined \expanded.
(etexcmds)             In the latter case, load this package earlier.
Package: kvsetkeys 2012/04/25 v1.16 Key value parser (HO)
Package: kvdefinekeys 2011/04/07 v1.3 Define keys (HO)
Package: pdftexcmds 2011/11/29 v0.20 Utility functions of pdfTeX for LuaTeX (HO
)
Package pdftexcmds Info: LuaTeX not detected.
Package pdftexcmds Info: \pdf@primitive is available.
Package pdftexcmds Info: \pdf@ifprimitive is available.
Package pdftexcmds Info: \pdfdraftmode found.
Package: pdfescape 2011/11/25 v1.13 Implements pdfTeX's escape features (HO)
Package: bigintcalc 2012/04/08 v1.3 Expandable calculations on big integers (HO
)
Package: bitset 2011/01/30 v1.1 Handle bit-vector datatype (HO)
Package: uniquecounter 2011/01/30 v1.2 Provide unlimited unique counter (HO)
)
Package hobsub Info: Skipping package `hobsub' (already loaded).
Package: letltxmacro 2010/09/02 v1.4 Let assignment for LaTeX macros (HO)
Package: hopatch 2012/05/28 v1.2 Wrapper for package hooks (HO)
Package: xcolor-patch 2011/01/30 xcolor patch
Package: atveryend 2011/06/30 v1.8 Hooks at the very end of document (HO)
Package hobsub Info: Skipping package `atbegshi' (already loaded).
Package: refcount 2011/10/16 v3.4 Data extraction from label references (HO)
Package: hycolor 2011/01/30 v1.7 Color options for hyperref/bookmark (HO)
)
(/usr/share/texlive/texmf-dist/tex/latex/oberdiek/auxhook.sty
Package: auxhook 2011/03/04 v1.3 Hooks for auxiliary files (HO)
)
(/usr/share/texlive/texmf-dist/tex/latex/oberdiek/kvoptions.sty
Package: kvoptions 2011/06/30 v3.11 Key value format for package options (HO)
)
\@linkdim=\dimen182
\Hy@linkcounter=\count147
\Hy@pagecounter=\count148

(/usr/share/texlive/texmf-dist/tex/latex/hyperref/pd1enc.def
File: pd1enc.def 2012/11/06 v6.83m Hyperref: PDFDocEncoding definition (HO)
\symPD1letters=\mathgroup9
)
\Hy@SavedSpaceFactor=\count149
Package hyperref Info: Option `unicode' set `true' on input line 3411.

(/usr/share/texlive/texmf-dist/tex/latex/hyperref/puenc.def
File: puenc.def 2012/11/06 v6.83m Hyperref: PDF Unicode definition (HO)
\symPUletters=\mathgroup10
)
(/usr/share/texlive/texmf-dist/tex/latex/latexconfig/hyperref.cfg
File: hyperref.cfg 2002/06/06 v1.2 hyperref configuration of TeXLive
)
Package hyperref Info: Hyper figures OFF on input line 4443.
Package hyperref Info: Link nesting OFF on input line 4448.
Package hyperref Info: Hyper index ON on input line 4451.
Package hyperref Info: Plain pages OFF on input line 4458.
Package hyperref Info: Backreferencing OFF on input line 4463.
Package hyperref Info: Implicit mode ON; LaTeX internals redefined.
Package hyperref Info: Bookmarks ON on input line 4688.
\c@Hy@tempcnt=\count150

(/usr/share/texlive/texmf-dist/tex/latex/url/url.sty
\Urlmuskip=\muskip11
Package: url 2013/09/16  ver 3.4  Verb mode for urls, etc.
)
LaTeX Info: Redefining \url on input line 5041.
\XeTeXLinkMargin=\dimen183
\Fld@menulength=\count151
\Field@Width=\dimen184
\Fld@charsize=\dimen185
Package hyperref Info: Hyper figures OFF on input line 6295.
Package hyperref Info: Link nesting OFF on input line 6300.
Package hyperref Info: Hyper index ON on input line 6303.
Package hyperref Info: backreferencing OFF on input line 6310.
Package hyperref Info: Link coloring OFF on input line 6315.
Package hyperref Info: Link coloring with OCG OFF on input line 6320.
Package hyperref Info: PDF/A mode OFF on input line 6325.
LaTeX Info: Redefining \ref on input line 6365.
LaTeX Info: Redefining \pageref on input line 6369.
\Hy@abspage=\count152
\c@Item=\count153
\c@Hfootnote=\count154
)

Package hyperref Message: Driver (autodetected): hpdftex.

(/usr/share/texlive/texmf-dist/tex/latex/hyperref/hpdftex.def
File: hpdftex.def 2012/11/06 v6.83m Hyperref driver for pdfTeX
\Fld@listcount=\count155
\c@bookmark@seq@number=\count156

(/usr/share/texlive/texmf-dist/tex/latex/oberdiek/rerunfilecheck.sty
Package: rerunfilecheck 2011/04/15 v1.7 Rerun checks for auxiliary files (HO)
Package uniquecounter Info: New unique counter `rerunfilecheck' on input line 2
82.
)
\Hy@SectionHShift=\skip68
)
(/usr/share/texlive/texmf-dist/tex/latex/tools/tabularx.sty
Package: tabularx 2014/10/28 v2.10 `tabularx' package (DPC)

(/usr/share/texlive/texmf-dist/tex/latex/tools/array.sty
Package: array 2014/10/28 v2.4c Tabular extension package (FMi)
\col@sep=\dimen186
\extrarowheight=\dimen187
\NC@list=\toks45
\extratabsurround=\skip69
\backup@length=\skip70
)
\TX@col@width=\dimen188
\TX@old@table=\dimen189
\TX@old@col=\dimen190
\TX@target=\dimen191
\TX@delta=\dimen192
\TX@cols=\count157
\TX@ftn=\toks46
)
(/usr/share/texlive/texmf-dist/tex/latex/ltablex/ltablex.sty
Package: ltablex 2014/08/13 v1.1 Modified tabularx
)
(/usr/share/texlive/texmf-dist/tex/latex/listings/listings.sty
\lst@mode=\count158
\lst@gtempboxa=\box45
\lst@token=\toks47
\lst@length=\count159
\lst@currlwidth=\dimen193
\lst@column=\count160
\lst@pos=\count161
\lst@lostspace=\dimen194
\lst@width=\dimen195
\lst@newlines=\count162
\lst@lineno=\count163
\lst@maxwidth=\dimen196

(/usr/share/texlive/texmf-dist/tex/latex/listings/lstmisc.sty
File: lstmisc.sty 2015/06/04 1.6 (Carsten Heinz)
\c@lstnumber=\count164
\lst@skipnumbers=\count165
\lst@framebox=\box46
)
(/usr/share/texlive/texmf-dist/tex/latex/listings/listings.cfg
File: listings.cfg 2015/06/04 1.6 listings configuration
))
Package: listings 2015/06/04 1.6 (Carsten Heinz)

(/usr/share/texlive/texmf-dist/tex/latex/svg/svg.sty
Package: svg 2012/09/05 v1.0 SVG inclusion and extraction

(/usr/share/texlive/texmf-dist/tex/latex/subfig/subfig.sty
Package: subfig 2005/06/28 ver: 1.3 subfig package
\c@KVtest=\count166
\sf@farskip=\skip71
\sf@captopadj=\dimen197
\sf@capskip=\skip72
\sf@nearskip=\skip73
\c@subfigure=\count167
\c@subfigure@save=\count168
\c@lofdepth=\count169
\c@subtable=\count170
\c@subtable@save=\count171
\sf@top=\skip74
\sf@bottom=\skip75
)
(/usr/share/texlive/texmf-dist/tex/latex/oberdiek/transparent.sty
Package: transparent 2007/01/08 v1.0 Transparency via pdfTeX's color stack (HO)

)
\SVG@out@width=\skip76
\SVG@out@height=\skip77
\c@svgfigure=\count172
)
(/usr/share/texlive/texmf-dist/tex/latex/float/float.sty
Package: float 2001/11/08 v1.3d Float enhancements (AL)
\c@float@type=\count173
\float@exts=\toks48
\float@box=\box47
\@float@everytoks=\toks49
\@floatcapt=\box48
)
(/usr/share/texlive/texmf-dist/tex/latex/totcount/totcount.sty
Package: totcount 2011/01/25 v1.2 package for gettingthe total value of LaTeX c
ounters
)
(/usr/share/texlive/texmf-dist/tex/latex/seqsplit/seqsplit.sty
Package: seqsplit 2006/08/07 v0.1 Splitting long sequences (DNA, RNA, proteins,
 etc.) 
)
(/usr/share/texlive/texmf-dist/tex/latex/tools/verbatim.sty
Package: verbatim 2014/10/28 v1.5q LaTeX2e package for verbatim enhancements
\every@verbatim=\toks50
\verbatim@line=\toks51
\verbatim@in@stream=\read2
)
(/usr/share/texlive/texmf-dist/tex/latex/algorithm2e/algorithm2e.sty
Package: algorithm2e 2013/01/06 v5.00 algorithms environments
\c@AlgoLine=\count174
\algocf@hangindent=\skip78

(/usr/share/texlive/texmf-dist/tex/latex/tools/xspace.sty
Package: xspace 2014/10/28 v1.13 Space after command names (DPC,MH)
)
(/usr/share/texlive/texmf-dist/tex/latex/relsize/relsize.sty
Package: relsize 2013/03/29 ver 4.1
)
********************************************************
Package `algorithm2e' Release 5.1 -- october 19 2015 --
- algorithm2e-announce@lirmm.fr mailing list for announcement about releases
- algorithm2e-discussion@lirmm.fr mailing list for discussion about package
subscribe by emailing sympa@lirmm.fr with 'subscribe <list> <firstname name>'
- Author: Christophe Fiorio (christophe.fiorio@umontpellier.fr)
********************************************************
\skiptotal=\skip79
\skiplinenumber=\skip80
\skiprule=\skip81
\skiphlne=\skip82
\skiptext=\skip83
\skiplength=\skip84
\algomargin=\skip85
\skipalgocfslide=\skip86
\algowidth=\dimen198
\inoutsize=\dimen199
\inoutindent=\dimen256
\interspacetitleruled=\dimen257
\interspacealgoruled=\dimen258
\interspacetitleboxruled=\dimen259
\algocf@ruledwidth=\skip87
\algocf@inoutbox=\box49
\algocf@inputbox=\box50
\AlCapSkip=\skip88
\AlCapHSkip=\skip89
\algoskipindent=\skip90
\algocf@nlbox=\box51
\algocf@hangingbox=\box52
\algocf@untilbox=\box53
\algocf@skipuntil=\skip91
\algocf@capbox=\box54
\algoheightruledefault=\skip92
\algoheightrule=\skip93
\algotitleheightruledefault=\skip94
\algotitleheightrule=\skip95
\c@algocfline=\count175
\c@algocfproc=\count176
\c@algocf=\count177
\algocf@algoframe=\box55
\algocf@algobox=\box56
)
\@input{listings.inc.aux}
\openout2 = `listings.inc.aux'.

(./listings.inc.tex)
\@input{macros.inc.aux}
\openout2 = `macros.inc.aux'.

No file macros.inc.tex.
Package csquotes Info: Checking for multilingual support...
Package csquotes Info: ... found 'babel' package.
Package csquotes Info: Adjusting default style.
Package csquotes Info: Redefining alias 'default' -> 'russian'.
(./mainReport.aux)
\openout1 = `mainReport.aux'.

LaTeX Font Info:    Checking defaults for OML/cmm/m/it on input line 47.
LaTeX Font Info:    ... okay on input line 47.
LaTeX Font Info:    Checking defaults for T1/cmr/m/n on input line 47.
LaTeX Font Info:    ... okay on input line 47.
LaTeX Font Info:    Checking defaults for OT1/cmr/m/n on input line 47.
LaTeX Font Info:    ... okay on input line 47.
LaTeX Font Info:    Checking defaults for OMS/cmsy/m/n on input line 47.
LaTeX Font Info:    ... okay on input line 47.
LaTeX Font Info:    Checking defaults for OMX/cmex/m/n on input line 47.
LaTeX Font Info:    ... okay on input line 47.
LaTeX Font Info:    Checking defaults for U/cmr/m/n on input line 47.
LaTeX Font Info:    ... okay on input line 47.
LaTeX Font Info:    Checking defaults for T2A/cmr/m/n on input line 47.
LaTeX Font Info:    ... okay on input line 47.
LaTeX Font Info:    Checking defaults for PD1/pdf/m/n on input line 47.
LaTeX Font Info:    ... okay on input line 47.
LaTeX Font Info:    Checking defaults for PU/pdf/m/n on input line 47.
LaTeX Font Info:    ... okay on input line 47.
 (/usr/share/texlive/texmf-dist/tex/latex/ucs/ucsencs.def
File: ucsencs.def 2011/01/21 Fixes to fontencodings LGR, T3
)
Package caption Info: Begin \AtBeginDocument code.
Package caption Info: subfig package v1.3 is loaded.
Package caption Info: float package is loaded.
Package caption Info: hyperref package is loaded.
Package caption Info: listings package is loaded.
Package caption Info: longtable package is loaded.

(/usr/share/texlive/texmf-dist/tex/latex/caption/ltcaption.sty
Package: ltcaption 2013/06/09 v1.4-94 longtable captions (AR)
)
Package caption Info: End \AtBeginDocument code.

*geometry* driver: auto-detecting
*geometry* detected driver: pdftex
*geometry* verbose mode - [ preamble ] result:
* driver: pdftex
* paper: <default>
* layout: <same size as paper>
* layoutoffset:(h,v)=(0.0pt,0.0pt)
* modes: 
* h-part:(L,W,R)=(56.9055pt, 512.14963pt, 28.45274pt)
* v-part:(T,H,B)=(56.9055pt, 731.23584pt, 56.9055pt)
* \paperwidth=597.50787pt
* \paperheight=845.04684pt
* \textwidth=512.14963pt
* \textheight=731.23584pt
* \oddsidemargin=-15.36449pt
* \evensidemargin=-15.36449pt
* \topmargin=-29.36449pt
* \headheight=14.0pt
* \headsep=0.0pt
* \topskip=14.0pt
* \footskip=30.0pt
* \marginparwidth=15.0pt
* \marginparsep=10.0pt
* \columnsep=10.0pt
* \skip\footins=12.0pt plus 4.0pt minus 2.0pt
* \hoffset=0.0pt
* \voffset=0.0pt
* \mag=1000
* \@twocolumnfalse
* \@twosidefalse
* \@mparswitchfalse
* \@reversemarginfalse
* (1in=72.27pt=25.4mm, 1cm=28.453pt)

(/usr/share/texlive/texmf-dist/tex/context/base/supp-pdf.mkii
[Loading MPS to PDF converter (version 2006.09.02).]
\scratchcounter=\count178
\scratchdimen=\dimen260
\scratchbox=\box57
\nofMPsegments=\count179
\nofMParguments=\count180
\everyMPshowfont=\toks52
\MPscratchCnt=\count181
\MPscratchDim=\dimen261
\MPnumerator=\count182
\makeMPintoPDFobject=\count183
\everyMPtoPDFconversion=\toks53
) (/usr/share/texlive/texmf-dist/tex/latex/oberdiek/epstopdf-base.sty
Package: epstopdf-base 2010/02/09 v2.5 Base part for package epstopdf

(/usr/share/texlive/texmf-dist/tex/latex/oberdiek/grfext.sty
Package: grfext 2010/08/19 v1.1 Manage graphics extensions (HO)
)
Package grfext Info: Graphics extension search list:
(grfext)             [.png,.pdf,.jpg,.mps,.jpeg,.jbig2,.jb2,.PNG,.PDF,.JPG,.JPE
G,.JBIG2,.JB2,.eps]
(grfext)             \AppendGraphicsExtensions on input line 452.

(/usr/share/texlive/texmf-dist/tex/latex/latexconfig/epstopdf-sys.cfg
File: epstopdf-sys.cfg 2010/07/13 v1.3 Configuration of (r)epstopdf for TeX Liv
e
))
ABD: EveryShipout initializing macros
\AtBeginShipoutBox=\box58

(/usr/share/texlive/texmf-dist/tex/latex/oberdiek/pdflscape.sty
Package: pdflscape 2008/08/11 v0.10 Display of landscape pages in PDF (HO)

(/usr/share/texlive/texmf-dist/tex/latex/graphics/lscape.sty
Package: lscape 2000/10/22 v3.01 Landscape Pages (DPC)
)
Package pdflscape Info: Auto-detected driver: pdftex on input line 80.
)
Package hyperref Info: Link coloring OFF on input line 47.

(/usr/share/texlive/texmf-dist/tex/latex/hyperref/nameref.sty
Package: nameref 2012/10/27 v2.43 Cross-referencing by name of section

(/usr/share/texlive/texmf-dist/tex/generic/oberdiek/gettitlestring.sty
Package: gettitlestring 2010/12/03 v1.4 Cleanup title references (HO)
)
\c@section@level=\count184
)
LaTeX Info: Redefining \ref on input line 47.
LaTeX Info: Redefining \pageref on input line 47.
LaTeX Info: Redefining \nameref on input line 47.

(./mainReport.out) (./mainReport.out)
\@outlinefile=\write4
\openout4 = `mainReport.out'.

\c@lstlisting=\count185

(./Q2_2018/PD_PrK_ImF_SHD/3_Algorithm_Description/main.txt
(./Q2_2018/PD_PrK_ImF_SHD/3_Algorithm_Description/title.txt<<ot1.cmap>><<oml.cm
ap>><<oms.cmap>><<omx.cmap>>
LaTeX Font Info:    Try loading font information for U+msa on input line 3.

(/usr/share/texlive/texmf-dist/tex/latex/amsfonts/umsa.fd
File: umsa.fd 2013/01/14 v3.01 AMS symbols A
)
LaTeX Font Info:    Try loading font information for U+msb on input line 3.

(/usr/share/texlive/texmf-dist/tex/latex/amsfonts/umsb.fd
File: umsb.fd 2013/01/14 v3.01 AMS symbols B
)
LaTeX Font Info:    Try loading font information for OML+cmr on input line 3.

(/usr/share/texlive/texmf-dist/tex/latex/base/omlcmr.fd
File: omlcmr.fd 2014/09/29 v2.5h Standard LaTeX font definitions
)
LaTeX Font Info:    Font shape `OML/cmr/m/n' in size <12> not available
(Font)              Font shape `OML/cmm/m/it' tried instead on input line 3.
LaTeX Font Info:    Font shape `OML/cmr/m/n' in size <8> not available
(Font)              Font shape `OML/cmm/m/it' tried instead on input line 3.
LaTeX Font Info:    Font shape `OML/cmr/m/n' in size <6> not available
(Font)              Font shape `OML/cmm/m/it' tried instead on input line 3.
LaTeX Font Info:    Try loading font information for OMS+cmr on input line 3.

(/usr/share/texlive/texmf-dist/tex/latex/base/omscmr.fd
File: omscmr.fd 2014/09/29 v2.5h Standard LaTeX font definitions
)
LaTeX Font Info:    Font shape `OMS/cmr/m/n' in size <12> not available
(Font)              Font shape `OMS/cmsy/m/n' tried instead on input line 3.
LaTeX Font Info:    Font shape `OMS/cmr/m/n' in size <8> not available
(Font)              Font shape `OMS/cmsy/m/n' tried instead on input line 3.
LaTeX Font Info:    Font shape `OMS/cmr/m/n' in size <6> not available
(Font)              Font shape `OMS/cmsy/m/n' tried instead on input line 3.
LaTeX Font Info:    Try loading font information for PD1+cmr on input line 3.
LaTeX Font Info:    No file PD1cmr.fd. on input line 3.


LaTeX Font Warning: Font shape `PD1/cmr/m/n' undefined
(Font)              using `PD1/pdf/m/n' instead on input line 3.

LaTeX Font Info:    Try loading font information for PU+cmr on input line 3.
LaTeX Font Info:    No file PUcmr.fd. on input line 3.

LaTeX Font Warning: Font shape `PU/cmr/m/n' undefined
(Font)              using `PU/pdf/m/n' instead on input line 3.

(/usr/share/texlive/texmf-dist/tex/latex/ucs/data/uni-4.def
File: uni-4.def 2013/05/13 UCS: Unicode data U+0400..U+04FF
)
LaTeX Font Info:    Try loading font information for T2A+cmtt on input line 7.

(/usr/share/texlive/texmf-dist/tex/latex/cyrillic/t2acmtt.fd
File: t2acmtt.fd 2001/08/11 v1.0a Computer Modern Cyrillic font definitions
)
Overfull \hbox (6.02489pt too wide) in paragraph at lines 3--13
[][] 
 []


Underfull \hbox (badness 10000) in paragraph at lines 3--13

 []


Underfull \hbox (badness 10000) in paragraph at lines 3--13

 []


Underfull \hbox (badness 10000) in paragraph at lines 22--36

 []


Underfull \hbox (badness 10000) in paragraph at lines 22--36

 []

Package babel Info: Redefining russian shorthand "|
(babel)             in language  on input line 40.
Package babel Info: Redefining russian shorthand "~
(babel)             in language  on input line 40.
Package babel Info: Redefining russian shorthand "|
(babel)             in language  on input line 40.
Package babel Info: Redefining russian shorthand "~
(babel)             in language  on input line 40.
[1



\FN@pp@footnotehinttrue 


\FN@pp@footnotehinttrue 

{/var/lib/texmf/fonts/map/pdftex/updmap/pdftex.map}]
LaTeX Font Info:    Font shape `OML/cmr/m/n' in size <14.4> not available
(Font)              Font shape `OML/cmm/m/it' tried instead on input line 44.
LaTeX Font Info:    Font shape `OML/cmr/m/n' in size <10> not available
(Font)              Font shape `OML/cmm/m/it' tried instead on input line 44.
LaTeX Font Info:    Font shape `OML/cmr/m/n' in size <7> not available
(Font)              Font shape `OML/cmm/m/it' tried instead on input line 44.
LaTeX Font Info:    Font shape `OMS/cmr/m/n' in size <14.4> not available
(Font)              Font shape `OMS/cmsy/m/n' tried instead on input line 44.
LaTeX Font Info:    Font shape `OMS/cmr/m/n' in size <10> not available
(Font)              Font shape `OMS/cmsy/m/n' tried instead on input line 44.
LaTeX Font Info:    Font shape `OMS/cmr/m/n' in size <7> not available
(Font)              Font shape `OMS/cmsy/m/n' tried instead on input line 44.

Underfull \hbox (badness 10000) in paragraph at lines 44--51

 []


Underfull \hbox (badness 10000) in paragraph at lines 44--51

 []


Underfull \hbox (badness 10000) in paragraph at lines 60--66

 []


Underfull \hbox (badness 10000) in paragraph at lines 60--66

 []


Underfull \hbox (badness 10000) in paragraph at lines 60--66

 []

Package babel Info: Redefining russian shorthand "|
(babel)             in language  on input line 66.
Package babel Info: Redefining russian shorthand "~
(babel)             in language  on input line 66.
Package babel Info: Redefining russian shorthand "|
(babel)             in language  on input line 66.
Package babel Info: Redefining russian shorthand "~
(babel)             in language  on input line 66.
[2]) (./mainReport.toc
Package babel Info: Redefining russian shorthand "|
(babel)             in language  on input line 33.
Package babel Info: Redefining russian shorthand "~
(babel)             in language  on input line 33.
Package babel Info: Redefining russian shorthand "|
(babel)             in language  on input line 33.
Package babel Info: Redefining russian shorthand "~
(babel)             in language  on input line 33.
 [3

])
\tf@toc=\write5
\openout5 = `mainReport.toc'.

Package babel Info: Redefining russian shorthand "|
(babel)             in language  on input line 4.
Package babel Info: Redefining russian shorthand "~
(babel)             in language  on input line 4.
Package babel Info: Redefining russian shorthand "|
(babel)             in language  on input line 4.
Package babel Info: Redefining russian shorthand "~
(babel)             in language  on input line 4.
 [4]) (./Kenenbek/Algorithm_description.tex
Package babel Info: Redefining russian shorthand "|
(babel)             in language  on input line 1.
Package babel Info: Redefining russian shorthand "~
(babel)             in language  on input line 1.
Package babel Info: Redefining russian shorthand "|
(babel)             in language  on input line 3.
Package babel Info: Redefining russian shorthand "~
(babel)             in language  on input line 3.
Package babel Info: Redefining russian shorthand "|
(babel)             in language  on input line 5.
Package babel Info: Redefining russian shorthand "~
(babel)             in language  on input line 5.

(/usr/share/texlive/texmf-dist/tex/latex/ucs/data/uni-0.def
File: uni-0.def 2013/05/13 UCS: Unicode data U+0000..U+00FF
)
Package babel Info: Redefining russian shorthand "|
(babel)             in language  on input line 7.
Package babel Info: Redefining russian shorthand "~
(babel)             in language  on input line 7.
Package babel Info: Redefining russian shorthand "|
(babel)             in language  on input line 9.
Package babel Info: Redefining russian shorthand "~
(babel)             in language  on input line 9.
Package babel Info: Redefining russian shorthand "|
(babel)             in language  on input line 11.
Package babel Info: Redefining russian shorthand "~
(babel)             in language  on input line 11.

<Kenenbek/images/tatlin.png, id=219, 504.88625pt x 313.17pt>
File: Kenenbek/images/tatlin.png Graphic file (type png)

<use Kenenbek/images/tatlin.png>
Package pdftex.def Info: Kenenbek/images/tatlin.png used on input line 27.
(pdftex.def)             Requested size: 512.14963pt x 317.68019pt.
Package babel Info: Redefining russian shorthand "|
(babel)             in language  on input line 33.
Package babel Info: Redefining russian shorthand "~
(babel)             in language  on input line 33.
Package babel Info: Redefining russian shorthand "|
(babel)             in language  on input line 35.
Package babel Info: Redefining russian shorthand "~
(babel)             in language  on input line 35.
Package babel Info: Redefining russian shorthand "|
(babel)             in language  on input line 39.
Package babel Info: Redefining russian shorthand "~
(babel)             in language  on input line 39.
Package babel Info: Redefining russian shorthand "|
(babel)             in language  on input line 40.
Package babel Info: Redefining russian shorthand "~
(babel)             in language  on input line 40.
Package babel Info: Redefining russian shorthand "|
(babel)             in language  on input line 44.
Package babel Info: Redefining russian shorthand "~
(babel)             in language  on input line 44.
Package babel Info: Redefining russian shorthand "|
(babel)             in language  on input line 44.
Package babel Info: Redefining russian shorthand "~
(babel)             in language  on input line 44.
 [5]
Package babel Info: Redefining russian shorthand "|
(babel)             in language  on input line 54.
Package babel Info: Redefining russian shorthand "~
(babel)             in language  on input line 54.
Package babel Info: Redefining russian shorthand "|
(babel)             in language  on input line 54.
Package babel Info: Redefining russian shorthand "~
(babel)             in language  on input line 54.
 [6 <./Kenenbek/images/tatlin.png>]
Overfull \hbox (3.14806pt too wide) in paragraph at lines 78--80
[]\T2A/cmr/bx/n/14.4 FunctionsMap \T2A/cmr/m/n/14.4 Сло^^?варь ти^^?па $\OML/cm
m/m/it/14.4 map\OT1/cmr/m/n/14.4 [\OML/cmm/m/it/14.4 string\OT1/cmr/m/n/14.4 ]\
OML/cmm/m/it/14.4 func\OT1/cmr/m/n/14.4 (\OMS/cmsy/m/n/14.4 ^^C\OML/cmm/m/it/14
.4 Process; \OT1/cmr/m/n/14.4 []\OML/cmm/m/it/14.4 string\OT1/cmr/m/n/14.4 )$\T
2A/cmr/m/n/14.4 . Дан^^?ный
 []

Package babel Info: Redefining russian shorthand "|
(babel)             in language  on input line 80.
Package babel Info: Redefining russian shorthand "~
(babel)             in language  on input line 80.
Package babel Info: Redefining russian shorthand "|
(babel)             in language  on input line 80.
Package babel Info: Redefining russian shorthand "~
(babel)             in language  on input line 80.
[7]
Package babel Info: Redefining russian shorthand "|
(babel)             in language  on input line 110.
Package babel Info: Redefining russian shorthand "~
(babel)             in language  on input line 110.
Package babel Info: Redefining russian shorthand "|
(babel)             in language  on input line 110.
Package babel Info: Redefining russian shorthand "~
(babel)             in language  on input line 110.
 [8]
Package babel Info: Redefining russian shorthand "|
(babel)             in language  on input line 117.
Package babel Info: Redefining russian shorthand "~
(babel)             in language  on input line 117.

Overfull \hbox (0.56058pt too wide) in paragraph at lines 119--120
[]\T2A/cmr/m/n/14.4 Дискретно-событийная си^^?му^^?ля^^?ция мо^^?де^^?ли^^?ру^^
?ет ра^^?бо^^?ту си^^?сте^^?мы как дис^^?крет^^?
 []

<Kenenbek/images/loop.png, id=245, 505.89pt x 413.545pt>
File: Kenenbek/images/loop.png Graphic file (type png)

<use Kenenbek/images/loop.png>
Package pdftex.def Info: Kenenbek/images/loop.png used on input line 123.
(pdftex.def)             Requested size: 512.14963pt x 418.66783pt.
Package babel Info: Redefining russian shorthand "|
(babel)             in language  on input line 145.
Package babel Info: Redefining russian shorthand "~
(babel)             in language  on input line 145.
Package babel Info: Redefining russian shorthand "|
(babel)             in language  on input line 145.
Package babel Info: Redefining russian shorthand "~
(babel)             in language  on input line 145.
 [9]

LaTeX Warning: No positions in optional float specifier.
               Default added (so using `bph') on input line 156.


Overfull \vbox (456.50494pt too high) has occurred while \output is active []

Package babel Info: Redefining russian shorthand "|
(babel)             in language  on input line 193.
Package babel Info: Redefining russian shorthand "~
(babel)             in language  on input line 193.
Package babel Info: Redefining russian shorthand "|
(babel)             in language  on input line 193.
Package babel Info: Redefining russian shorthand "~
(babel)             in language  on input line 193.

[10 <./Kenenbek/images/loop.png>]
Overfull \hbox (11.45491pt too wide) in paragraph at lines 193--194
[]\T2A/cmr/m/n/14.4 Описание: Данн^^?ная функ^^?ция об^^?нов^^?ля^^?ет оче^^?ре
дь со^^?бы^^?тий за вре^^?мя $\OML/cmm/m/it/14.4 deltaTime$\T2A/cmr/m/n/14.4 . 

 []

Package babel Info: Redefining russian shorthand "|
(babel)             in language  on input line 236.
Package babel Info: Redefining russian shorthand "~
(babel)             in language  on input line 236.
Package babel Info: Redefining russian shorthand "|
(babel)             in language  on input line 236.
Package babel Info: Redefining russian shorthand "~
(babel)             in language  on input line 236.
[11]
Overfull \hbox (3.04944pt too wide) in paragraph at lines 255--256
[]\T2A/cmr/m/n/14.4 Описание: Данн^^?ная функ^^?ция до^^?жи^^?да^^?ет^^?ся вы^^
?пол^^?не^^?ния за^^?дач те^^?ку^^?щи^^?ми гору^^?
 []

Package babel Info: Redefining russian shorthand "|
(babel)             in language  on input line 259.
Package babel Info: Redefining russian shorthand "~
(babel)             in language  on input line 259.
Package babel Info: Redefining russian shorthand "|
(babel)             in language  on input line 261.
Package babel Info: Redefining russian shorthand "~
(babel)             in language  on input line 261.
Package babel Info: Redefining russian shorthand "|
(babel)             in language  on input line 266.
Package babel Info: Redefining russian shorthand "~
(babel)             in language  on input line 266.
Package babel Info: Redefining russian shorthand "|
(babel)             in language  on input line 266.
Package babel Info: Redefining russian shorthand "~
(babel)             in language  on input line 266.
[12]
Package babel Info: Redefining russian shorthand "|
(babel)             in language  on input line 313.
Package babel Info: Redefining russian shorthand "~
(babel)             in language  on input line 313.
Package babel Info: Redefining russian shorthand "|
(babel)             in language  on input line 313.
Package babel Info: Redefining russian shorthand "~
(babel)             in language  on input line 313.
 [13]
Package babel Info: Redefining russian shorthand "|
(babel)             in language  on input line 356.
Package babel Info: Redefining russian shorthand "~
(babel)             in language  on input line 356.
Package babel Info: Redefining russian shorthand "|
(babel)             in language  on input line 356.
Package babel Info: Redefining russian shorthand "~
(babel)             in language  on input line 356.
 [14]
Package babel Info: Redefining russian shorthand "|
(babel)             in language  on input line 365.
Package babel Info: Redefining russian shorthand "~
(babel)             in language  on input line 365.
Package babel Info: Redefining russian shorthand "|
(babel)             in language  on input line 393.
Package babel Info: Redefining russian shorthand "~
(babel)             in language  on input line 393.
Package babel Info: Redefining russian shorthand "|
(babel)             in language  on input line 393.
Package babel Info: Redefining russian shorthand "~
(babel)             in language  on input line 393.
 [15]
Overfull \hbox (8.65636pt too wide) in paragraph at lines 398--399
[]\T2A/cmr/bx/n/14.4 func (env *Environment) getHostByName(name string) HostInt
erface 
 []

Package babel Info: Redefining russian shorthand "|
(babel)             in language  on input line 447.
Package babel Info: Redefining russian shorthand "~
(babel)             in language  on input line 447.
Package babel Info: Redefining russian shorthand "|
(babel)             in language  on input line 447.
Package babel Info: Redefining russian shorthand "~
(babel)             in language  on input line 447.
[16]
Overfull \hbox (10.65831pt too wide) in paragraph at lines 458--459
[]\T2A/cmr/m/n/14.4 Описание функ^^?ции: Дан^^?ная функ^^?ция воз^^?вра^^?ща^^?
ет зна^^?че^^?ние сум^^?мар^^?но^^?го (вход^^?
 []

Package babel Info: Redefining russian shorthand "|
(babel)             in language  on input line 499.
Package babel Info: Redefining russian shorthand "~
(babel)             in language  on input line 499.
Package babel Info: Redefining russian shorthand "|
(babel)             in language  on input line 499.
Package babel Info: Redefining russian shorthand "~
(babel)             in language  on input line 499.
[17]
Overfull \hbox (17.12384pt too wide) in paragraph at lines 513--514
[]\T2A/cmr/m/n/14.4 Описание функ^^?ции: Дан^^?ная функ^^?ция воз^^?вра^^?ща^^?
ет ука^^?за^^?тель на объ^^?ект Storage,
 []

Package babel Info: Redefining russian shorthand "|
(babel)             in language  on input line 526.
Package babel Info: Redefining russian shorthand "~
(babel)             in language  on input line 526.
Package babel Info: Redefining russian shorthand "|
(babel)             in language  on input line 544.
Package babel Info: Redefining russian shorthand "~
(babel)             in language  on input line 544.
Package babel Info: Redefining russian shorthand "|
(babel)             in language  on input line 544.
Package babel Info: Redefining russian shorthand "~
(babel)             in language  on input line 544.
[18]
Package babel Info: Redefining russian shorthand "|
(babel)             in language  on input line 588.
Package babel Info: Redefining russian shorthand "~
(babel)             in language  on input line 588.
Package babel Info: Redefining russian shorthand "|
(babel)             in language  on input line 588.
Package babel Info: Redefining russian shorthand "~
(babel)             in language  on input line 588.
 [19]
Package babel Info: Redefining russian shorthand "|
(babel)             in language  on input line 635.
Package babel Info: Redefining russian shorthand "~
(babel)             in language  on input line 635.
Package babel Info: Redefining russian shorthand "|
(babel)             in language  on input line 635.
Package babel Info: Redefining russian shorthand "~
(babel)             in language  on input line 635.
 [20]
Package babel Info: Redefining russian shorthand "|
(babel)             in language  on input line 677.
Package babel Info: Redefining russian shorthand "~
(babel)             in language  on input line 677.
Package babel Info: Redefining russian shorthand "|
(babel)             in language  on input line 677.
Package babel Info: Redefining russian shorthand "~
(babel)             in language  on input line 677.
 [21]
Package babel Info: Redefining russian shorthand "|
(babel)             in language  on input line 696.
Package babel Info: Redefining russian shorthand "~
(babel)             in language  on input line 696.
Package babel Info: Redefining russian shorthand "|
(babel)             in language  on input line 719.
Package babel Info: Redefining russian shorthand "~
(babel)             in language  on input line 719.
Package babel Info: Redefining russian shorthand "|
(babel)             in language  on input line 719.
Package babel Info: Redefining russian shorthand "~
(babel)             in language  on input line 719.
 [22]
Package babel Info: Redefining russian shorthand "|
(babel)             in language  on input line 719.
Package babel Info: Redefining russian shorthand "~
(babel)             in language  on input line 719.
Package babel Info: Redefining russian shorthand "|
(babel)             in language  on input line 740.
Package babel Info: Redefining russian shorthand "~
(babel)             in language  on input line 740.

Overfull \hbox (18.94275pt too wide) in paragraph at lines 744--750
\T2A/cmr/m/n/14.4 ных по^^?лей, тип IOBalancer об^^?ла^^?да^^?ет так^^?же и по^
^?ля^^?ми ти^^?па Host.  \T2A/cmr/bx/n/14.4 readResponseTime\T2A/cmr/m/n/14.4 .

 []


Overfull \hbox (0.36034pt too wide) in paragraph at lines 744--750
\T2A/cmr/m/n/14.4 Тип float64. Вре^^?мя от^^?кли^^?ка на за^^?про^^?сы чте^^?ни
я.  \T2A/cmr/bx/n/14.4 writeResponseTime\T2A/cmr/m/n/14.4 . Тип float64.
 []

Package babel Info: Redefining russian shorthand "|
(babel)             in language  on input line 757.
Package babel Info: Redefining russian shorthand "~
(babel)             in language  on input line 757.
Package babel Info: Redefining russian shorthand "|
(babel)             in language  on input line 757.
Package babel Info: Redefining russian shorthand "~
(babel)             in language  on input line 757.
[23]
Package babel Info: Redefining russian shorthand "|
(babel)             in language  on input line 801.
Package babel Info: Redefining russian shorthand "~
(babel)             in language  on input line 801.
Package babel Info: Redefining russian shorthand "|
(babel)             in language  on input line 801.
Package babel Info: Redefining russian shorthand "~
(babel)             in language  on input line 801.
 [24]
Package babel Info: Redefining russian shorthand "|
(babel)             in language  on input line 843.
Package babel Info: Redefining russian shorthand "~
(babel)             in language  on input line 843.
Package babel Info: Redefining russian shorthand "|
(babel)             in language  on input line 843.
Package babel Info: Redefining russian shorthand "~
(babel)             in language  on input line 843.
 [25]
Package babel Info: Redefining russian shorthand "|
(babel)             in language  on input line 881.
Package babel Info: Redefining russian shorthand "~
(babel)             in language  on input line 881.
Package babel Info: Redefining russian shorthand "|
(babel)             in language  on input line 881.
Package babel Info: Redefining russian shorthand "~
(babel)             in language  on input line 881.
 [26]
Package babel Info: Redefining russian shorthand "|
(babel)             in language  on input line 919.
Package babel Info: Redefining russian shorthand "~
(babel)             in language  on input line 919.
Package babel Info: Redefining russian shorthand "|
(babel)             in language  on input line 919.
Package babel Info: Redefining russian shorthand "~
(babel)             in language  on input line 919.
 [27]
Package babel Info: Redefining russian shorthand "|
(babel)             in language  on input line 919.
Package babel Info: Redefining russian shorthand "~
(babel)             in language  on input line 919.
Package babel Info: Redefining russian shorthand "|
(babel)             in language  on input line 961.
Package babel Info: Redefining russian shorthand "~
(babel)             in language  on input line 961.
Package babel Info: Redefining russian shorthand "|
(babel)             in language  on input line 961.
Package babel Info: Redefining russian shorthand "~
(babel)             in language  on input line 961.
 [28]
Overfull \hbox (22.36847pt too wide) in paragraph at lines 998--999
[]\T2A/cmr/bx/n/14.4 func ProcWrapper(processStrategy func(*Process, []string),
 w *Process,
 []

Package babel Info: Redefining russian shorthand "|
(babel)             in language  on input line 1009.
Package babel Info: Redefining russian shorthand "~
(babel)             in language  on input line 1009.
Package babel Info: Redefining russian shorthand "|
(babel)             in language  on input line 1009.
Package babel Info: Redefining russian shorthand "~
(babel)             in language  on input line 1009.
[29]
Package babel Info: Redefining russian shorthand "|
(babel)             in language  on input line 1047.
Package babel Info: Redefining russian shorthand "~
(babel)             in language  on input line 1047.
Package babel Info: Redefining russian shorthand "|
(babel)             in language  on input line 1057.
Package babel Info: Redefining russian shorthand "~
(babel)             in language  on input line 1057.
Package babel Info: Redefining russian shorthand "|
(babel)             in language  on input line 1057.
Package babel Info: Redefining russian shorthand "~
(babel)             in language  on input line 1057.
 [30]
Package babel Info: Redefining russian shorthand "|
(babel)             in language  on input line 1073.
Package babel Info: Redefining russian shorthand "~
(babel)             in language  on input line 1073.


LaTeX Warning: No positions in optional float specifier.
               Default added (so using `bph') on input line 1079.


Underfull \hbox (badness 10000) in paragraph at lines 1092--1092
[]|\T2A/cmr/m/n/14.4 Выходные ар^^?гу^^?
 []


Underfull \hbox (badness 10000) in paragraph at lines 1092--1092
[]|\T2A/cmr/m/n/14.4 Описание функ^^?
 []


Underfull \hbox (badness 10000) in paragraph at lines 1092--1092
[]|\T2A/cmr/m/n/14.4 func (eq
 []


Underfull \hbox (badness 10000) in paragraph at lines 1092--1092
[]|\T2A/cmr/m/n/14.4 Длина оче^^?ре^^?ди,
 []


Underfull \hbox (badness 4531) in paragraph at lines 1092--1092
[]|\T2A/cmr/m/n/14.4 Данная функ^^?ция
 []


Underfull \hbox (badness 10000) in paragraph at lines 1092--1092
[]|\T2A/cmr/m/n/14.4 func (eq
 []


Underfull \hbox (badness 10000) in paragraph at lines 1092--1092
\T2A/cmr/m/n/14.4 eventQueue)
 []


Underfull \hbox (badness 10000) in paragraph at lines 1092--1092
[]|\T2A/cmr/m/n/14.4 Индексы эле^^?мен^^?
 []


Underfull \hbox (badness 4531) in paragraph at lines 1092--1092
[]|\T2A/cmr/m/n/14.4 Данная функ^^?ция
 []


Underfull \hbox (badness 10000) in paragraph at lines 1092--1092
\T2A/cmr/m/n/14.4 за^^?да^^?јт пра^^?ви^^?
 []


Underfull \hbox (badness 10000) in paragraph at lines 1092--1092
\T2A/cmr/m/n/14.4 ло срав^^?не^^?ния
 []


Underfull \hbox (badness 10000) in paragraph at lines 1092--1092
\T2A/cmr/m/n/14.4 и срав^^?ни^^?ва^^?ет
 []


Underfull \hbox (badness 10000) in paragraph at lines 1092--1092
\T2A/cmr/m/n/14.4 эле^^?мент оче^^?ре^^?
 []


Underfull \hbox (badness 10000) in paragraph at lines 1092--1092
\T2A/cmr/m/n/14.4 ди с ин^^?дек^^?сом
 []


Underfull \hbox (badness 2608) in paragraph at lines 1092--1092
\T2A/cmr/m/n/14.4 i c эле^^?мен^^?том с
 []


Underfull \hbox (badness 10000) in paragraph at lines 1092--1092
\T2A/cmr/m/n/14.4 эле^^?мент боль^^?ше,
 []


Underfull \hbox (badness 10000) in paragraph at lines 1092--1092
\T2A/cmr/m/n/14.4 то воз^^?вра^^?ща^^?ет^^?ся
 []


Underfull \hbox (badness 2351) in paragraph at lines 1092--1092
\T2A/cmr/m/n/14.4 ло^^?ги^^?че^^?ское да, в
 []


Underfull \hbox (badness 2050) in paragraph at lines 1092--1092
\T2A/cmr/m/n/14.4 про^^?тив^^?ном слу^^?ча^^?
 []


Underfull \hbox (badness 6559) in paragraph at lines 1092--1092
\T2A/cmr/m/n/14.4 ет -- ло^^?ги^^?че^^?ское
 []


Underfull \hbox (badness 10000) in paragraph at lines 1092--1092
[]|\T2A/cmr/m/n/14.4 func (eq
 []


Underfull \hbox (badness 10000) in paragraph at lines 1092--1092
\T2A/cmr/m/n/14.4 eventQueue)
 []


Underfull \hbox (badness 10000) in paragraph at lines 1092--1092
[]|\T2A/cmr/m/n/14.4 Индексы эле^^?мен^^?
 []


Underfull \hbox (badness 4531) in paragraph at lines 1092--1092
[]|\T2A/cmr/m/n/14.4 Данная функ^^?ция
 []


Underfull \hbox (badness 10000) in paragraph at lines 1092--1092
\T2A/cmr/m/n/14.4 ме^^?ня^^?ет ме^^?ста^^?ми
 []


Underfull \hbox (badness 10000) in paragraph at lines 1092--1092
[]|\T2A/cmr/m/n/14.4 func (eq
 []


Underfull \hbox (badness 10000) in paragraph at lines 1092--1092
\T2A/cmr/m/n/14.4 *eventQueue)
 []


Underfull \hbox (badness 5939) in paragraph at lines 1092--1092
\T2A/cmr/m/n/14.4 необ^^?хо^^?ди^^?мо до^^?ба^^?
 []


Underfull \hbox (badness 6961) in paragraph at lines 1092--1092
\T2A/cmr/m/n/14.4 вить в оче^^?редь.
 []


Underfull \hbox (badness 4531) in paragraph at lines 1092--1092
[]|\T2A/cmr/m/n/14.4 Данная функ^^?ция
 []


Underfull \hbox (badness 6316) in paragraph at lines 1092--1092
\T2A/cmr/m/n/14.4 до^^?бав^^?ля^^?ет но^^?вый
 []


Underfull \hbox (badness 1400) in paragraph at lines 1092--1092
\T2A/cmr/m/n/14.4 эле^^?мент e в оче^^?
 []


Underfull \hbox (badness 10000) in paragraph at lines 1092--1092
[]|\T2A/cmr/m/n/14.4 func (eq
 []


Underfull \hbox (badness 10000) in paragraph at lines 1092--1092
\T2A/cmr/m/n/14.4 *eventQueue)
 []


Underfull \hbox (badness 3930) in paragraph at lines 1092--1092
[]|\T2A/cmr/m/n/14.4 Минимальнй эле^^?
 []


Underfull \hbox (badness 4726) in paragraph at lines 1092--1092
\T2A/cmr/m/n/14.4 мент в оче^^?ре^^?ди.
 []


Underfull \hbox (badness 10000) in paragraph at lines 1092--1092
[]|\T2A/cmr/m/n/14.4 Данная функ^^?
 []


Underfull \hbox (badness 10000) in paragraph at lines 1092--1092
\T2A/cmr/m/n/14.4 ция из^^?вле^^?ка^^?ет
 []


Underfull \hbox (badness 2564) in paragraph at lines 1092--1092
\T2A/cmr/m/n/14.4 мент из оче^^?ре^^?ди
 []


Underfull \hbox (badness 10000) in paragraph at lines 1092--1092
[]|\T2A/cmr/m/n/14.4 func(eq
 []


Underfull \hbox (badness 10000) in paragraph at lines 1092--1092
\T2A/cmr/m/n/14.4 *eventQueue)
 []


Underfull \hbox (badness 2689) in paragraph at lines 1092--1092
\T2A/cmr/m/n/14.4 Fix(h Interface, i
 []


Underfull \hbox (badness 10000) in paragraph at lines 1092--1092
[]|\T2A/cmr/m/n/14.4 h - эле^^?мент в
 []


Underfull \hbox (badness 4531) in paragraph at lines 1092--1092
[]|\T2A/cmr/m/n/14.4 Данная функ^^?ция
 []


Underfull \hbox (badness 1466) in paragraph at lines 1092--1092
\T2A/cmr/m/n/14.4 ре^^?ди со^^?бы^^?тий на
 []


Underfull \vbox (badness 10000) detected at line 1092
 []


LaTeX Warning: Float too large for page by 229.16617pt on input line 1093.

Package babel Info: Redefining russian shorthand "|
(babel)             in language  on input line 1098.
Package babel Info: Redefining russian shorthand "~
(babel)             in language  on input line 1098.
Package babel Info: Redefining russian shorthand "|
(babel)             in language  on input line 1100.
Package babel Info: Redefining russian shorthand "~
(babel)             in language  on input line 1100.
Package babel Info: Redefining russian shorthand "|
(babel)             in language  on input line 1103.
Package babel Info: Redefining russian shorthand "~
(babel)             in language  on input line 1103.
Package babel Info: Redefining russian shorthand "|
(babel)             in language  on input line 1105.
Package babel Info: Redefining russian shorthand "~
(babel)             in language  on input line 1105.
Package babel Info: Redefining russian shorthand "|
(babel)             in language  on input line 1107.
Package babel Info: Redefining russian shorthand "~
(babel)             in language  on input line 1107.
Package babel Info: Redefining russian shorthand "|
(babel)             in language  on input line 1109.
Package babel Info: Redefining russian shorthand "~
(babel)             in language  on input line 1109.
Package babel Info: Redefining russian shorthand "|
(babel)             in language  on input line 1109.
Package babel Info: Redefining russian shorthand "~
(babel)             in language  on input line 1109.
[31]
Package babel Info: Redefining russian shorthand "|
(babel)             in language  on input line 1109.
Package babel Info: Redefining russian shorthand "~
(babel)             in language  on input line 1109.
Package babel Info: Redefining russian shorthand "|
(babel)             in language  on input line 1109.
Package babel Info: Redefining russian shorthand "~
(babel)             in language  on input line 1109.
 [32] <Kenenbek/inter.png, id=367, 576.1525pt x 387.4475pt>
File: Kenenbek/inter.png Graphic file (type png)

<use Kenenbek/inter.png>
Package pdftex.def Info: Kenenbek/inter.png used on input line 1133.
(pdftex.def)             Requested size: 512.14963pt x 344.41927pt.
Package babel Info: Redefining russian shorthand "|
(babel)             in language  on input line 1139.
Package babel Info: Redefining russian shorthand "~
(babel)             in language  on input line 1139.
Package babel Info: Redefining russian shorthand "|
(babel)             in language  on input line 1144.
Package babel Info: Redefining russian shorthand "~
(babel)             in language  on input line 1144.
Package babel Info: Redefining russian shorthand "|
(babel)             in language  on input line 1144.
Package babel Info: Redefining russian shorthand "~
(babel)             in language  on input line 1144.
 [33]

LaTeX Warning: `!h' float specifier changed to `!ht'.


LaTeX Warning: `!h' float specifier changed to `!ht'.

Package babel Info: Redefining russian shorthand "|
(babel)             in language  on input line 1180.
Package babel Info: Redefining russian shorthand "~
(babel)             in language  on input line 1180.
Package babel Info: Redefining russian shorthand "|
(babel)             in language  on input line 1182.
Package babel Info: Redefining russian shorthand "~
(babel)             in language  on input line 1182.
Package babel Info: Redefining russian shorthand "|
(babel)             in language  on input line 1186.
Package babel Info: Redefining russian shorthand "~
(babel)             in language  on input line 1186.
Package babel Info: Redefining russian shorthand "|
(babel)             in language  on input line 1186.
Package babel Info: Redefining russian shorthand "~
(babel)             in language  on input line 1186.
[34 <./Kenenbek/inter.png>]
Overfull \hbox (213.67854pt too wide) in paragraph at lines 1187--1188
[]\T2A/cmr/m/n/14.4 Распаковать его при по^^?мо^^?щи ко^^?ман^^?ды в тер^^?ми^^
?на^^?ле []\T2A/cmtt/m/n/14.4 tar -C /usr/local -xzf go$VERSION.$OS-$ARCH.tar.g
z 
 []


Overfull \hbox (3.67479pt too wide) in paragraph at lines 1189--1190
[]\T2A/cmr/m/n/14.4 Запустить си^^?му^^?ля^^?цию []\T2A/cmtt/m/n/14.4 go run ma
in.go platform.xml deployment.xml\T2A/cmr/m/n/14.4 , где
 []

Package babel Info: Redefining russian shorthand "|
(babel)             in language  on input line 1194.
Package babel Info: Redefining russian shorthand "~
(babel)             in language  on input line 1194.
Package babel Info: Redefining russian shorthand "|
(babel)             in language  on input line 1201.
Package babel Info: Redefining russian shorthand "~
(babel)             in language  on input line 1201.
Package babel Info: Redefining russian shorthand "|
(babel)             in language  on input line 1201.
Package babel Info: Redefining russian shorthand "~
(babel)             in language  on input line 1201.
[35]
Package babel Info: Redefining russian shorthand "|
(babel)             in language  on input line 1204.
Package babel Info: Redefining russian shorthand "~
(babel)             in language  on input line 1204.
Package babel Info: Redefining russian shorthand "|
(babel)             in language  on input line 1207.
Package babel Info: Redefining russian shorthand "~
(babel)             in language  on input line 1207.
Package babel Info: Redefining russian shorthand "|
(babel)             in language  on input line 1212.
Package babel Info: Redefining russian shorthand "~
(babel)             in language  on input line 1212.
 (/usr/share/texlive/texmf-dist/tex/latex/ucs/data/uni-32.def
File: uni-32.def 2013/05/13 UCS: Unicode data U+2000..U+20FF
)
Package babel Info: Redefining russian shorthand "|
(babel)             in language  on input line 1244.
Package babel Info: Redefining russian shorthand "~
(babel)             in language  on input line 1244.
Package babel Info: Redefining russian shorthand "|
(babel)             in language  on input line 1244.
Package babel Info: Redefining russian shorthand "~
(babel)             in language  on input line 1244.
 [36]
Overfull \hbox (2.8365pt too wide) in paragraph at lines 1253--1254
[]\T2A/cmr/m/n/14.4 длина оче^^?ре^^?ди за^^?про^^?сов на чте^^?ни^^?е/^^?за^^?
пись для асин^^?хрон^^?ных опе^^?ра^^?ций ввода-
 []

Package babel Info: Redefining russian shorthand "|
(babel)             in language  on input line 1264.
Package babel Info: Redefining russian shorthand "~
(babel)             in language  on input line 1264.
Package babel Info: Redefining russian shorthand "|
(babel)             in language  on input line 1274.
Package babel Info: Redefining russian shorthand "~
(babel)             in language  on input line 1274.
Package babel Info: Redefining russian shorthand "|
(babel)             in language  on input line 1277.
Package babel Info: Redefining russian shorthand "~
(babel)             in language  on input line 1277.
Package babel Info: Redefining russian shorthand "|
(babel)             in language  on input line 1277.
Package babel Info: Redefining russian shorthand "~
(babel)             in language  on input line 1277.
[37] (/usr/share/texlive/texmf-dist/tex/latex/listings/lstlang1.sty
File: lstlang1.sty 2015/06/04 1.6 listings language file
)
Package hyperref Info: bookmark level for unknown lstlisting defaults to 0 on i
nput line 1280.
Package csquotes Info: Input encoding change on input line 1280.

(/usr/share/texlive/texmf-dist/tex/latex/cyrillic/koi8-r.def
File: koi8-r.def 2014/10/28 v1.0d Input encoding file
)
(./Kenenbek/sample.json
Package babel Info: Redefining russian shorthand "|
(babel)             in language  on input line 38.
Package babel Info: Redefining russian shorthand "~
(babel)             in language  on input line 38.
Package babel Info: Redefining russian shorthand "|
(babel)             in language  on input line 38.
Package babel Info: Redefining russian shorthand "~
(babel)             in language  on input line 38.
 [38]
LaTeX Font Info:    Font shape `OML/cmr/m/n' in size <5> not available
(Font)              Font shape `OML/cmm/m/it' tried instead on input line 59.
LaTeX Font Info:    Font shape `OMS/cmr/m/n' in size <5> not available
(Font)              Font shape `OMS/cmsy/m/n' tried instead on input line 59.
Package babel Info: Redefining russian shorthand "|
(babel)             in language  on input line 84.
Package babel Info: Redefining russian shorthand "~
(babel)             in language  on input line 84.
Package babel Info: Redefining russian shorthand "|
(babel)             in language  on input line 84.
Package babel Info: Redefining russian shorthand "~
(babel)             in language  on input line 84.
 [39]
Package babel Info: Redefining russian shorthand "|
(babel)             in language  on input line 130.
Package babel Info: Redefining russian shorthand "~
(babel)             in language  on input line 130.
Package babel Info: Redefining russian shorthand "|
(babel)             in language  on input line 130.
Package babel Info: Redefining russian shorthand "~
(babel)             in language  on input line 130.
 [40])) (./Q2_2018/ListRegChanges.txt
Package babel Info: Redefining russian shorthand "|
(babel)             in language  on input line 1.
Package babel Info: Redefining russian shorthand "~
(babel)             in language  on input line 1.
Package babel Info: Redefining russian shorthand "|
(babel)             in language  on input line 1.
Package babel Info: Redefining russian shorthand "~
(babel)             in language  on input line 1.
 [41]
Package babel Info: Redefining russian shorthand "|
(babel)             in language  on input line 3.
Package babel Info: Redefining russian shorthand "~
(babel)             in language  on input line 3.

(/usr/share/texlive/texmf-dist/tex/latex/ucs/data/uni-33.def)
Underfull \vbox (badness 10000) detected at line 24
 []

)
Package babel Info: Redefining russian shorthand "|
(babel)             in language  on input line 59.
Package babel Info: Redefining russian shorthand "~
(babel)             in language  on input line 59.
Package babel Info: Redefining russian shorthand "|
(babel)             in language  on input line 59.
Package babel Info: Redefining russian shorthand "~
(babel)             in language  on input line 59.
 [42]
Package atveryend Info: Empty hook `BeforeClearDocument' on input line 59.
Package atveryend Info: Empty hook `AfterLastShipout' on input line 59.
 (./mainReport.aux)
Package atveryend Info: Executing hook `AtVeryEndDocument' on input line 59.
Package atveryend Info: Executing hook `AtEndAfterFileList' on input line 59.
Package rerunfilecheck Info: File `mainReport.out' has not changed.
(rerunfilecheck)             Checksum: C0E3D3B0F46FCAA819EDAFC068EC35B7;11427.


LaTeX Font Warning: Some font shapes were not available, defaults substituted.

 ) 
Here is how much of TeX's memory you used:
 29501 strings out of 494399
 490414 string characters out of 6172183
 607570 words of memory out of 5000000
 31919 multiletter control sequences out of 15000+600000
 21209 words of font info for 63 fonts, out of 8000000 for 9000
 452 hyphenation exceptions out of 8191
 62i,10n,75p,1277b,2528s stack positions out of 5000i,500n,10000p,200000b,80000s
 </home/kenenbek/.texmf-var/fonts/pk/ljfour/lh/lh-t2a/larm1000.600pk> </home/
kenenbek/.texmf-var/fonts/pk/ljfour/lh/lh-t2a/latt1440.600pk> </home/kenenbek/.
texmf-var/fonts/pk/ljfour/lh/lh-t2a/labx1440.600pk> </home/kenenbek/.texmf-var/
fonts/pk/ljfour/lh/lh-t2a/labx1728.600pk> </home/kenenbek/.texmf-var/fonts/pk/l
jfour/lh/lh-t2a/larm1440.600pk> </home/kenenbek/.texmf-var/fonts/pk/ljfour/lh/l
h-t2a/latt1200.600pk> </home/kenenbek/.texmf-var/fonts/pk/ljfour/lh/lh-t2a/larm
1200.600pk></usr/share/texlive/texmf-dist/fonts/type1/public/amsfonts/cm/cmmi10
.pfb></usr/share/texlive/texmf-dist/fonts/type1/public/amsfonts/cm/cmmi12.pfb><
/usr/share/texlive/texmf-dist/fonts/type1/public/amsfonts/cm/cmr10.pfb></usr/sh
are/texlive/texmf-dist/fonts/type1/public/amsfonts/cm/cmr12.pfb></usr/share/tex
live/texmf-dist/fonts/type1/public/amsfonts/cm/cmsy10.pfb>
Output written on mainReport.pdf (42 pages, 320619 bytes).
PDF statistics:
 1121 PDF objects out of 1200 (max. 8388607)
 628 compressed objects within 7 object streams
 271 named destinations out of 1000 (max. 500000)
 336 words of extra memory for PDF output out of 10000 (max. 10000000)

